[ 2017-09-02T11:26:12+08:00 ] 127.0.0.1 /
INFO: [ app_init ] --START--
INFO: Run Behavior\BuildLiteBehavior [ RunTime:0.000019s ]
INFO: [ app_init ] --END-- [ RunTime:0.000509s ]
INFO: [ app_begin ] --START--
INFO: Run Behavior\ReadHtmlCacheBehavior [ RunTime:0.000587s ]
INFO: [ app_begin ] --END-- [ RunTime:0.000655s ]
SQL: SHOW COLUMNS FROM `cms_news` [ RunTime:0.0006s ]
SQL: SHOW COLUMNS FROM `cms_news` [ RunTime:0.0007s ]
SQL: SELECT * FROM `cms_news` ORDER BY listorder desc,news_id desc LIMIT 0,3   [ RunTime:0.0006s ]
SQL: SHOW COLUMNS FROM `cms_menu` [ RunTime:0.0009s ]
SQL: SHOW COLUMNS FROM `cms_menu` [ RunTime:0.0006s ]
SQL: SELECT * FROM `cms_menu` WHERE `status` = 1 AND `type` = 0  [ RunTime:0.0003s ]
NOTIC: [8] Undefined index: catid /Library/WebServer/news/Application/Common/Model/NewsModel.class.php 第 30 行.
SQL: SELECT * FROM `cms_news` WHERE `status` <> -1 ORDER BY listorder desc,news_id desc  [ RunTime:0.0004s ]
SQL: SHOW COLUMNS FROM `cms_position_content` [ RunTime:0.0007s ]
SQL: SHOW COLUMNS FROM `cms_position_content` [ RunTime:0.0006s ]
SQL: SELECT * FROM `cms_position_content` WHERE ( position_id=5 )  [ RunTime:0.0004s ]
INFO: [ view_parse ] --START--
INFO: [ template_filter ] --START--
INFO: Run Behavior\ContentReplaceBehavior [ RunTime:0.000034s ]
INFO: [ template_filter ] --END-- [ RunTime:0.000069s ]
NOTIC: [8] Undefined variable: config /Library/WebServer/news/Application/Runtime/Cache/Home/2a94b8bda04ff446dcedd42276fc99ee.php 第 9 行.
NOTIC: [8] Undefined variable: config /Library/WebServer/news/Application/Runtime/Cache/Home/2a94b8bda04ff446dcedd42276fc99ee.php 第 10 行.
NOTIC: [8] Undefined variable: config /Library/WebServer/news/Application/Runtime/Cache/Home/2a94b8bda04ff446dcedd42276fc99ee.php 第 11 行.
NOTIC: [8] Undefined variable: result /Library/WebServer/news/Application/Runtime/Cache/Home/2a94b8bda04ff446dcedd42276fc99ee.php 第 25 行.
NOTIC: [8] Undefined variable: result /Library/WebServer/news/Application/Runtime/Cache/Home/2a94b8bda04ff446dcedd42276fc99ee.php 第 26 行.
NOTIC: [8] Undefined variable: result /Library/WebServer/news/Application/Runtime/Cache/Home/2a94b8bda04ff446dcedd42276fc99ee.php 第 26 行.
NOTIC: [8] Undefined variable: result /Library/WebServer/news/Application/Runtime/Cache/Home/2a94b8bda04ff446dcedd42276fc99ee.php 第 26 行.
NOTIC: [8] Undefined index: name /Library/WebServer/news/Application/Runtime/Cache/Home/2a94b8bda04ff446dcedd42276fc99ee.php 第 83 行.
NOTIC: [8] Undefined index: name /Library/WebServer/news/Application/Runtime/Cache/Home/2a94b8bda04ff446dcedd42276fc99ee.php 第 83 行.
NOTIC: [8] Undefined index: name /Library/WebServer/news/Application/Runtime/Cache/Home/2a94b8bda04ff446dcedd42276fc99ee.php 第 83 行.
NOTIC: [8] Undefined index: name /Library/WebServer/news/Application/Runtime/Cache/Home/2a94b8bda04ff446dcedd42276fc99ee.php 第 83 行.
INFO: Run Behavior\ParseTemplateBehavior [ RunTime:0.008482s ]
INFO: [ view_parse ] --END-- [ RunTime:0.008515s ]
INFO: [ view_filter ] --START--
INFO: Run Behavior\WriteHtmlCacheBehavior [ RunTime:0.000108s ]
INFO: [ view_filter ] --END-- [ RunTime:0.000131s ]
INFO: [ app_end ] --START--
INFO: Run Behavior\ShowPageTraceBehavior [ RunTime:0.000622s ]
INFO: [ app_end ] --END-- [ RunTime:0.000665s ]

